2021-04-23 23:25:09.861584: I tensorflow/stream_executor/platform/default/dso_loader.cc:49] Successfully opened dynamic library libcudart.so.10.1
	quick_test: 0
	mode: dev
	dataset: foa
	input: raw
	model: samplecnn
	augmentation: 1
	dataset_dir: ../Datasets/SELD2020/
	feat_label_dir: ../Datasets/SELD2020/feat_label/
	model_dir: trained_model/
	dcase_output: True
	dcase_dir: results/
	fs: 24000
	hop_len_s: 0.02
	label_hop_len_s: 0.1
	max_audio_len_s: 60
	nb_mel_bins: 64
	batch_size: 16
	nb_epochs: 50
	optimizer: adam
	lr: 0.001
	scheduler: plateau
	dropout_rate: 0.2
	mixup: 0
	lad_doa_thresh: 20
	label_sequence_length: 60
	data_in: (7, 300, 64)
	data_out: [(60, 14), (60, 42)]
	feature_sequence_length: 300
	patience: 50
	unique_classes: {'alarm': 0, 'baby': 1, 'crash': 2, 'dog': 3, 'engine': 4, 'female_scream': 5, 'female_speech': 6, 'fire': 7, 'footsteps': 8, 'knock': 9, 'male_scream': 10, 'male_speech': 11, 'phone': 12, 'piano': 13}
unique_name: 04232322_samplecnn_foa_dev

Loading training dataset:
	start to get fetch raw audio data
	Data frames shape: [n_samples, channel, audio_samples]:(18400, 4, 144000)

	Label shape:(18400, 60, 42)

	files number: 400, classes number:14
	number of frames per file: 0, mel bins length: 64, channels number: 4
	feat length per sequence: 300, label length per sequence: 60

Loading validation dataset:
	start to get fetch raw audio data
	Data frames shape: [n_samples, channel, audio_samples]:(1000, 4, 144000)

	Label shape:(1000, 60, 42)

	files number: 100, classes number:14
	number of frames per file: 0, mel bins length: 64, channels number: 4
	feat length per sequence: 300, label length per sequence: 60

Loading test dataset:
	start to get fetch raw audio data
	Data frames shape: [n_samples, channel, audio_samples]:(1000, 4, 144000)

	Label shape:(1000, 60, 42)

	files number: 100, classes number:14
	number of frames per file: 0, mel bins length: 64, channels number: 4
	feat length per sequence: 300, label length per sequence: 60

----------------------------------------------------------------
        Layer (type)               Output Shape         Param #
================================================================
            Conv1d-1           [-1, 128, 48000]           1,664
       BatchNorm1d-2           [-1, 128, 48000]             256
              ReLU-3           [-1, 128, 48000]               0
            Conv1d-4           [-1, 128, 48000]          49,280
       BatchNorm1d-5           [-1, 128, 48000]             256
              ReLU-6           [-1, 128, 48000]               0
         MaxPool1d-7           [-1, 128, 16000]               0
            Conv1d-8           [-1, 128, 16000]          49,280
       BatchNorm1d-9           [-1, 128, 16000]             256
             ReLU-10           [-1, 128, 16000]               0
        MaxPool1d-11            [-1, 128, 5333]               0
           Conv1d-12            [-1, 256, 5333]          98,560
      BatchNorm1d-13            [-1, 256, 5333]             512
             ReLU-14            [-1, 256, 5333]               0
        MaxPool1d-15            [-1, 256, 1777]               0
           Conv1d-16            [-1, 256, 1777]         196,864
      BatchNorm1d-17            [-1, 256, 1777]             512
             ReLU-18            [-1, 256, 1777]               0
        MaxPool1d-19             [-1, 256, 592]               0
           Conv1d-20             [-1, 256, 592]         196,864
      BatchNorm1d-21             [-1, 256, 592]             512
             ReLU-22             [-1, 256, 592]               0
        MaxPool1d-23             [-1, 256, 197]               0
          Dropout-24             [-1, 256, 197]               0
           Conv1d-25             [-1, 128, 197]          98,432
      BatchNorm1d-26             [-1, 128, 197]             256
             ReLU-27             [-1, 128, 197]               0
        MaxPool1d-28              [-1, 128, 65]               0
AdaptiveAvgPool1d-29              [-1, 128, 60]               0
              GRU-30  [[-1, 60, 256], [-1, 2, 128]]               0
              GRU-31  [[-1, 60, 256], [-1, 2, 128]]               0
           Linear-32                  [-1, 128]          32,896
  TimeDistributed-33              [-1, 60, 128]               0
          Dropout-34              [-1, 60, 128]               0
           Linear-35                   [-1, 42]           5,418
  TimeDistributed-36               [-1, 60, 42]               0
             Tanh-37               [-1, 60, 42]               0
================================================================
Total params: 731,818
Trainable params: 731,818
Non-trainable params: 0
----------------------------------------------------------------
Input size (MB): 2.20
Forward/backward pass size (MB): 340.34
Params size (MB): 2.79
Estimated Total Size (MB): 345.33
----------------------------------------------------------------
Epoch [1/50], train loss : 0.0225
Epoch [1/50], val loss : 0.0198
epoch_cnt: 0, time: 589.43s, tr_loss: 0.02, 
		 DCASE2020 SCORES: SED_Error: 0.97, SED_F: 5.8, DOA_Error: 21.8, DOA_recall:11.7, seld_score (early stopping score): 0.73, best_seld_score: 0.73, best_epoch : 0

Epoch [2/50], train loss : 0.0197
Epoch [2/50], val loss : 0.0192
epoch_cnt: 1, time: 583.19s, tr_loss: 0.02, 
		 DCASE2020 SCORES: SED_Error: 0.96, SED_F: 7.6, DOA_Error: 31.5, DOA_recall:24.3, seld_score (early stopping score): 0.70, best_seld_score: 0.70, best_epoch : 1

Epoch [3/50], train loss : 0.0175
Epoch [3/50], val loss : 0.0171
epoch_cnt: 2, time: 583.36s, tr_loss: 0.02, 
		 DCASE2020 SCORES: SED_Error: 0.91, SED_F: 14.6, DOA_Error: 23.6, DOA_recall:31.9, seld_score (early stopping score): 0.64, best_seld_score: 0.64, best_epoch : 2

Epoch [4/50], train loss : 0.0157
Epoch [4/50], val loss : 0.0172
epoch_cnt: 3, time: 582.78s, tr_loss: 0.02, 
		 DCASE2020 SCORES: SED_Error: 0.89, SED_F: 18.0, DOA_Error: 25.3, DOA_recall:40.5, seld_score (early stopping score): 0.61, best_seld_score: 0.61, best_epoch : 3

Epoch [5/50], train loss : 0.0142
Epoch [5/50], val loss : 0.0178
epoch_cnt: 4, time: 555.90s, tr_loss: 0.01, 
		 DCASE2020 SCORES: SED_Error: 0.88, SED_F: 20.1, DOA_Error: 26.5, DOA_recall:43.5, seld_score (early stopping score): 0.60, best_seld_score: 0.60, best_epoch : 4

Epoch [6/50], train loss : 0.0131
Epoch [6/50], val loss : 0.0162
epoch_cnt: 5, time: 583.90s, tr_loss: 0.01, 
		 DCASE2020 SCORES: SED_Error: 0.82, SED_F: 25.9, DOA_Error: 23.3, DOA_recall:51.2, seld_score (early stopping score): 0.54, best_seld_score: 0.54, best_epoch : 5

Epoch [7/50], train loss : 0.0121
Epoch [7/50], val loss : 0.0161
epoch_cnt: 6, time: 554.80s, tr_loss: 0.01, 
		 DCASE2020 SCORES: SED_Error: 0.81, SED_F: 27.2, DOA_Error: 24.1, DOA_recall:53.4, seld_score (early stopping score): 0.53, best_seld_score: 0.53, best_epoch : 6

Epoch [8/50], train loss : 0.0111
Epoch [8/50], val loss : 0.0156
epoch_cnt: 7, time: 581.58s, tr_loss: 0.01, 
		 DCASE2020 SCORES: SED_Error: 0.80, SED_F: 27.5, DOA_Error: 25.2, DOA_recall:57.9, seld_score (early stopping score): 0.52, best_seld_score: 0.52, best_epoch : 7

Epoch [9/50], train loss : 0.0104
Epoch [9/50], val loss : 0.0152
epoch_cnt: 8, time: 581.43s, tr_loss: 0.01, 
		 DCASE2020 SCORES: SED_Error: 0.77, SED_F: 31.4, DOA_Error: 23.3, DOA_recall:57.3, seld_score (early stopping score): 0.50, best_seld_score: 0.50, best_epoch : 8

Epoch [10/50], train loss : 0.0098
Epoch [10/50], val loss : 0.0157
epoch_cnt: 9, time: 581.86s, tr_loss: 0.01, 
		 DCASE2020 SCORES: SED_Error: 0.78, SED_F: 29.6, DOA_Error: 23.5, DOA_recall:60.1, seld_score (early stopping score): 0.50, best_seld_score: 0.50, best_epoch : 8

Epoch [11/50], train loss : 0.0092
Epoch [11/50], val loss : 0.0154
epoch_cnt: 10, time: 580.96s, tr_loss: 0.01, 
		 DCASE2020 SCORES: SED_Error: 0.79, SED_F: 28.9, DOA_Error: 24.3, DOA_recall:58.7, seld_score (early stopping score): 0.51, best_seld_score: 0.50, best_epoch : 8

Epoch [12/50], train loss : 0.0088
Epoch [12/50], val loss : 0.0151
epoch_cnt: 11, time: 581.83s, tr_loss: 0.01, 
		 DCASE2020 SCORES: SED_Error: 0.76, SED_F: 31.7, DOA_Error: 23.3, DOA_recall:60.8, seld_score (early stopping score): 0.49, best_seld_score: 0.49, best_epoch : 11

Epoch [13/50], train loss : 0.0083
Epoch [13/50], val loss : 0.0149
epoch_cnt: 12, time: 580.98s, tr_loss: 0.01, 
		 DCASE2020 SCORES: SED_Error: 0.76, SED_F: 32.1, DOA_Error: 22.8, DOA_recall:60.8, seld_score (early stopping score): 0.49, best_seld_score: 0.49, best_epoch : 12

Epoch [14/50], train loss : 0.0078
Epoch [14/50], val loss : 0.0155
epoch_cnt: 13, time: 581.64s, tr_loss: 0.01, 
		 DCASE2020 SCORES: SED_Error: 0.77, SED_F: 31.4, DOA_Error: 23.2, DOA_recall:57.8, seld_score (early stopping score): 0.50, best_seld_score: 0.49, best_epoch : 12

Epoch [15/50], train loss : 0.0075
Epoch [15/50], val loss : 0.0150
epoch_cnt: 14, time: 581.52s, tr_loss: 0.01, 
		 DCASE2020 SCORES: SED_Error: 0.75, SED_F: 33.2, DOA_Error: 23.2, DOA_recall:62.9, seld_score (early stopping score): 0.48, best_seld_score: 0.48, best_epoch : 14

Epoch [16/50], train loss : 0.0071
Epoch [16/50], val loss : 0.0153
Epoch    16: reducing learning rate of group 0 to 2.0000e-04.
epoch_cnt: 15, time: 582.65s, tr_loss: 0.01, 
		 DCASE2020 SCORES: SED_Error: 0.74, SED_F: 34.1, DOA_Error: 22.5, DOA_recall:61.6, seld_score (early stopping score): 0.48, best_seld_score: 0.48, best_epoch : 15

Epoch [17/50], train loss : 0.0058
Epoch [17/50], val loss : 0.0145
epoch_cnt: 16, time: 581.79s, tr_loss: 0.01, 
		 DCASE2020 SCORES: SED_Error: 0.71, SED_F: 37.1, DOA_Error: 21.7, DOA_recall:63.4, seld_score (early stopping score): 0.46, best_seld_score: 0.46, best_epoch : 16

Epoch [18/50], train loss : 0.0056
Epoch [18/50], val loss : 0.0144
epoch_cnt: 17, time: 582.99s, tr_loss: 0.01, 
		 DCASE2020 SCORES: SED_Error: 0.72, SED_F: 36.9, DOA_Error: 21.7, DOA_recall:63.7, seld_score (early stopping score): 0.46, best_seld_score: 0.46, best_epoch : 16

Epoch [19/50], train loss : 0.0054
Epoch [19/50], val loss : 0.0145
epoch_cnt: 18, time: 555.54s, tr_loss: 0.01, 
		 DCASE2020 SCORES: SED_Error: 0.71, SED_F: 37.6, DOA_Error: 21.5, DOA_recall:63.9, seld_score (early stopping score): 0.45, best_seld_score: 0.45, best_epoch : 18

Epoch [20/50], train loss : 0.0053
Epoch [20/50], val loss : 0.0145
epoch_cnt: 19, time: 582.55s, tr_loss: 0.01, 
		 DCASE2020 SCORES: SED_Error: 0.72, SED_F: 36.3, DOA_Error: 21.8, DOA_recall:64.0, seld_score (early stopping score): 0.46, best_seld_score: 0.45, best_epoch : 18

Epoch [21/50], train loss : 0.0052
Epoch [21/50], val loss : 0.0144
Epoch    21: reducing learning rate of group 0 to 4.0000e-05.
epoch_cnt: 20, time: 582.75s, tr_loss: 0.01, 
		 DCASE2020 SCORES: SED_Error: 0.71, SED_F: 37.7, DOA_Error: 21.2, DOA_recall:63.4, seld_score (early stopping score): 0.45, best_seld_score: 0.45, best_epoch : 20

Epoch [22/50], train loss : 0.0050
Epoch [22/50], val loss : 0.0143
epoch_cnt: 21, time: 583.01s, tr_loss: 0.00, 
		 DCASE2020 SCORES: SED_Error: 0.71, SED_F: 37.6, DOA_Error: 21.3, DOA_recall:64.5, seld_score (early stopping score): 0.45, best_seld_score: 0.45, best_epoch : 21

Epoch [23/50], train loss : 0.0049
Epoch [23/50], val loss : 0.0143
epoch_cnt: 22, time: 582.45s, tr_loss: 0.00, 
		 DCASE2020 SCORES: SED_Error: 0.70, SED_F: 37.9, DOA_Error: 21.4, DOA_recall:64.1, seld_score (early stopping score): 0.45, best_seld_score: 0.45, best_epoch : 22

Epoch [24/50], train loss : 0.0049
Epoch [24/50], val loss : 0.0141
epoch_cnt: 23, time: 583.05s, tr_loss: 0.00, 
		 DCASE2020 SCORES: SED_Error: 0.70, SED_F: 38.4, DOA_Error: 21.4, DOA_recall:64.7, seld_score (early stopping score): 0.45, best_seld_score: 0.45, best_epoch : 23

Epoch [25/50], train loss : 0.0048
Epoch [25/50], val loss : 0.0145
epoch_cnt: 24, time: 583.24s, tr_loss: 0.00, 
		 DCASE2020 SCORES: SED_Error: 0.71, SED_F: 37.2, DOA_Error: 21.5, DOA_recall:63.4, seld_score (early stopping score): 0.46, best_seld_score: 0.45, best_epoch : 23

Epoch [26/50], train loss : 0.0048
Epoch [26/50], val loss : 0.0142
epoch_cnt: 25, time: 582.95s, tr_loss: 0.00, 
		 DCASE2020 SCORES: SED_Error: 0.70, SED_F: 38.6, DOA_Error: 21.1, DOA_recall:64.4, seld_score (early stopping score): 0.45, best_seld_score: 0.45, best_epoch : 25

Epoch [27/50], train loss : 0.0048
Epoch [27/50], val loss : 0.0143
Epoch    27: reducing learning rate of group 0 to 8.0000e-06.
epoch_cnt: 26, time: 555.66s, tr_loss: 0.00, 
		 DCASE2020 SCORES: SED_Error: 0.70, SED_F: 37.8, DOA_Error: 21.2, DOA_recall:64.0, seld_score (early stopping score): 0.45, best_seld_score: 0.45, best_epoch : 25

Epoch [28/50], train loss : 0.0047
Epoch [28/50], val loss : 0.0144
epoch_cnt: 27, time: 583.52s, tr_loss: 0.00, 
		 DCASE2020 SCORES: SED_Error: 0.70, SED_F: 38.0, DOA_Error: 21.2, DOA_recall:64.1, seld_score (early stopping score): 0.45, best_seld_score: 0.45, best_epoch : 25

Epoch [29/50], train loss : 0.0048
Epoch [29/50], val loss : 0.0142
epoch_cnt: 28, time: 554.34s, tr_loss: 0.00, 
		 DCASE2020 SCORES: SED_Error: 0.70, SED_F: 38.4, DOA_Error: 21.2, DOA_recall:64.8, seld_score (early stopping score): 0.45, best_seld_score: 0.45, best_epoch : 25

Epoch [30/50], train loss : 0.0047
Epoch [30/50], val loss : 0.0142
Epoch    30: reducing learning rate of group 0 to 1.6000e-06.
epoch_cnt: 29, time: 583.63s, tr_loss: 0.00, 
		 DCASE2020 SCORES: SED_Error: 0.70, SED_F: 38.1, DOA_Error: 21.2, DOA_recall:64.7, seld_score (early stopping score): 0.45, best_seld_score: 0.45, best_epoch : 25

Epoch [31/50], train loss : 0.0047
Epoch [31/50], val loss : 0.0142
epoch_cnt: 30, time: 555.60s, tr_loss: 0.00, 
		 DCASE2020 SCORES: SED_Error: 0.70, SED_F: 38.6, DOA_Error: 21.2, DOA_recall:64.6, seld_score (early stopping score): 0.45, best_seld_score: 0.45, best_epoch : 30

Epoch [32/50], train loss : 0.0047
Epoch [32/50], val loss : 0.0142
epoch_cnt: 31, time: 583.16s, tr_loss: 0.00, 
		 DCASE2020 SCORES: SED_Error: 0.70, SED_F: 38.4, DOA_Error: 21.3, DOA_recall:64.6, seld_score (early stopping score): 0.45, best_seld_score: 0.45, best_epoch : 30

Epoch [33/50], train loss : 0.0047
Epoch [33/50], val loss : 0.0142
Epoch    33: reducing learning rate of group 0 to 3.2000e-07.
epoch_cnt: 32, time: 582.58s, tr_loss: 0.00, 
		 DCASE2020 SCORES: SED_Error: 0.70, SED_F: 38.2, DOA_Error: 20.9, DOA_recall:64.2, seld_score (early stopping score): 0.45, best_seld_score: 0.45, best_epoch : 30

Epoch [34/50], train loss : 0.0047
Epoch [34/50], val loss : 0.0142
epoch_cnt: 33, time: 556.52s, tr_loss: 0.00, 
		 DCASE2020 SCORES: SED_Error: 0.70, SED_F: 38.1, DOA_Error: 21.3, DOA_recall:64.1, seld_score (early stopping score): 0.45, best_seld_score: 0.45, best_epoch : 30

Epoch [35/50], train loss : 0.0047
Epoch [35/50], val loss : 0.0141
epoch_cnt: 34, time: 582.84s, tr_loss: 0.00, 
		 DCASE2020 SCORES: SED_Error: 0.70, SED_F: 38.4, DOA_Error: 21.2, DOA_recall:64.7, seld_score (early stopping score): 0.45, best_seld_score: 0.45, best_epoch : 30

Epoch [36/50], train loss : 0.0047
Epoch [36/50], val loss : 0.0141
Epoch    36: reducing learning rate of group 0 to 6.4000e-08.
epoch_cnt: 35, time: 583.12s, tr_loss: 0.00, 
		 DCASE2020 SCORES: SED_Error: 0.70, SED_F: 38.4, DOA_Error: 21.1, DOA_recall:64.5, seld_score (early stopping score): 0.45, best_seld_score: 0.45, best_epoch : 30

Epoch [37/50], train loss : 0.0047
Epoch [37/50], val loss : 0.0143
epoch_cnt: 36, time: 582.92s, tr_loss: 0.00, 
		 DCASE2020 SCORES: SED_Error: 0.70, SED_F: 38.5, DOA_Error: 21.1, DOA_recall:64.4, seld_score (early stopping score): 0.45, best_seld_score: 0.45, best_epoch : 30

Epoch [38/50], train loss : 0.0047
Epoch [38/50], val loss : 0.0140
epoch_cnt: 37, time: 556.25s, tr_loss: 0.00, 
		 DCASE2020 SCORES: SED_Error: 0.69, SED_F: 38.7, DOA_Error: 21.1, DOA_recall:65.1, seld_score (early stopping score): 0.44, best_seld_score: 0.44, best_epoch : 37

Epoch [39/50], train loss : 0.0047
Epoch [39/50], val loss : 0.0144
epoch_cnt: 38, time: 583.04s, tr_loss: 0.00, 
		 DCASE2020 SCORES: SED_Error: 0.71, SED_F: 37.4, DOA_Error: 21.4, DOA_recall:64.1, seld_score (early stopping score): 0.45, best_seld_score: 0.44, best_epoch : 37

Epoch [40/50], train loss : 0.0047
Epoch [40/50], val loss : 0.0141
epoch_cnt: 39, time: 583.63s, tr_loss: 0.00, 
		 DCASE2020 SCORES: SED_Error: 0.69, SED_F: 38.8, DOA_Error: 21.1, DOA_recall:64.7, seld_score (early stopping score): 0.44, best_seld_score: 0.44, best_epoch : 37

Epoch [41/50], train loss : 0.0047
/home/huangd5/.local/lib/python3.8/site-packages/torchaudio/backend/utils.py:46: UserWarning: "torchaudio.USE_SOUNDFILE_LEGACY_INTERFACE" flag is deprecated and will be removed in 0.9.0. Please remove the use of flag.
  warnings.warn(
Epoch [41/50], val loss : 0.0141
Epoch    41: reducing learning rate of group 0 to 1.2800e-08.
epoch_cnt: 40, time: 555.42s, tr_loss: 0.00, 
		 DCASE2020 SCORES: SED_Error: 0.70, SED_F: 38.4, DOA_Error: 21.1, DOA_recall:64.7, seld_score (early stopping score): 0.45, best_seld_score: 0.44, best_epoch : 37

Epoch [42/50], train loss : 0.0047
Epoch [42/50], val loss : 0.0142
epoch_cnt: 41, time: 583.35s, tr_loss: 0.00, 
		 DCASE2020 SCORES: SED_Error: 0.70, SED_F: 38.0, DOA_Error: 21.2, DOA_recall:64.7, seld_score (early stopping score): 0.45, best_seld_score: 0.44, best_epoch : 37

Epoch [43/50], train loss : 0.0047
Epoch [43/50], val loss : 0.0142
epoch_cnt: 42, time: 583.93s, tr_loss: 0.00, 
		 DCASE2020 SCORES: SED_Error: 0.70, SED_F: 38.5, DOA_Error: 21.1, DOA_recall:64.6, seld_score (early stopping score): 0.45, best_seld_score: 0.44, best_epoch : 37

Epoch [44/50], train loss : 0.0047
Epoch [44/50], val loss : 0.0141
Epoch    44: reducing learning rate of group 0 to 2.5600e-09.
epoch_cnt: 43, time: 584.24s, tr_loss: 0.00, 
		 DCASE2020 SCORES: SED_Error: 0.69, SED_F: 39.0, DOA_Error: 21.1, DOA_recall:64.9, seld_score (early stopping score): 0.44, best_seld_score: 0.44, best_epoch : 43

Epoch [45/50], train loss : 0.0047
Epoch [45/50], val loss : 0.0142
epoch_cnt: 44, time: 582.29s, tr_loss: 0.00, 
		 DCASE2020 SCORES: SED_Error: 0.70, SED_F: 38.3, DOA_Error: 21.0, DOA_recall:64.1, seld_score (early stopping score): 0.45, best_seld_score: 0.44, best_epoch : 43

Epoch [46/50], train loss : 0.0047
Epoch [46/50], val loss : 0.0142
epoch_cnt: 45, time: 556.78s, tr_loss: 0.00, 
		 DCASE2020 SCORES: SED_Error: 0.70, SED_F: 38.3, DOA_Error: 21.3, DOA_recall:64.5, seld_score (early stopping score): 0.45, best_seld_score: 0.44, best_epoch : 43

Epoch [47/50], train loss : 0.0047
Epoch [47/50], val loss : 0.0142
epoch_cnt: 46, time: 582.68s, tr_loss: 0.00, 
		 DCASE2020 SCORES: SED_Error: 0.70, SED_F: 38.4, DOA_Error: 21.3, DOA_recall:64.7, seld_score (early stopping score): 0.45, best_seld_score: 0.44, best_epoch : 43

Epoch [48/50], train loss : 0.0047
Epoch [48/50], val loss : 0.0142
epoch_cnt: 47, time: 583.60s, tr_loss: 0.00, 
		 DCASE2020 SCORES: SED_Error: 0.70, SED_F: 38.5, DOA_Error: 21.1, DOA_recall:64.4, seld_score (early stopping score): 0.45, best_seld_score: 0.44, best_epoch : 43

Epoch [49/50], train loss : 0.0047
Epoch [49/50], val loss : 0.0141
epoch_cnt: 48, time: 583.03s, tr_loss: 0.00, 
		 DCASE2020 SCORES: SED_Error: 0.70, SED_F: 38.6, DOA_Error: 21.2, DOA_recall:64.6, seld_score (early stopping score): 0.45, best_seld_score: 0.44, best_epoch : 43

Epoch [50/50], train loss : 0.0047
Epoch [50/50], val loss : 0.0142
epoch_cnt: 49, time: 582.94s, tr_loss: 0.00, 
		 DCASE2020 SCORES: SED_Error: 0.70, SED_F: 38.4, DOA_Error: 21.2, DOA_recall:64.4, seld_score (early stopping score): 0.45, best_seld_score: 0.44, best_epoch : 43


Results on validation split:
	Saved model for the best_epoch: 43
	SELD_score (early stopping score) : 0.44271956079621166

	DCASE2021 scores
	Class-aware localization scores: DOA_error: 21.1, F-score: 64.9
	Location-aware detection scores: Error rate: 0.69, F-score: 39.0
