 2021-04-25 18:32:54.990892: I tensorflow/stream_executor/platform/default/dso_loader.cc:49] Successfully opened dynamic library libcudart.so.10.1
	quick_test: 0
	mode: dev
	dataset: foa
	input: raw
	model: samplecnn
	augmentation: 1
	dataset_dir: ../Datasets/SELD2020/
	feat_label_dir: ../Datasets/SELD2020/feat_label/
	model_dir: trained_model/
	dcase_output: True
	dcase_dir: results/
	fs: 24000
	hop_len_s: 0.02
	label_hop_len_s: 0.1
	max_audio_len_s: 60
	nb_mel_bins: 64
	batch_size: 16
	nb_epochs: 50
	optimizer: adam
	lr: 0.001
	scheduler: plateau
	dropout_rate: 0.2
	mixup: 0
	lad_doa_thresh: 20
	label_sequence_length: 60
	data_in: (7, 300, 64)
	data_out: [(60, 14), (60, 42)]
	feature_sequence_length: 300
	patience: 50
	unique_classes: {'alarm': 0, 'baby': 1, 'crash': 2, 'dog': 3, 'engine': 4, 'female_scream': 5, 'female_speech': 6, 'fire': 7, 'footsteps': 8, 'knock': 9, 'male_scream': 10, 'male_speech': 11, 'phone': 12, 'piano': 13}
unique_name: 04251831_samplecnn_foa_dev

Loading training dataset:
	start to get fetch raw audio data
	Data frames shape: [n_samples, channel, audio_samples]:(22000, 4, 144000)

	Label shape:(22000, 60, 42)

	files number: 400, classes number:14
	number of frames per file: 0, mel bins length: 64, channels number: 4
	feat length per sequence: 300, label length per sequence: 60

Loading validation dataset:
	start to get fetch raw audio data
	Data frames shape: [n_samples, channel, audio_samples]:(1000, 4, 144000)

	Label shape:(1000, 60, 42)

	files number: 100, classes number:14
	number of frames per file: 0, mel bins length: 64, channels number: 4
	feat length per sequence: 300, label length per sequence: 60

Loading test dataset:
	start to get fetch raw audio data
	Data frames shape: [n_samples, channel, audio_samples]:(1000, 4, 144000)

	Label shape:(1000, 60, 42)

	files number: 100, classes number:14
	number of frames per file: 0, mel bins length: 64, channels number: 4
	feat length per sequence: 300, label length per sequence: 60

----------------------------------------------------------------
        Layer (type)               Output Shape         Param #
================================================================
            Conv1d-1           [-1, 128, 48000]           1,664
       BatchNorm1d-2           [-1, 128, 48000]             256
              ReLU-3           [-1, 128, 48000]               0
            Conv1d-4           [-1, 128, 48000]          49,280
       BatchNorm1d-5           [-1, 128, 48000]             256
              ReLU-6           [-1, 128, 48000]               0
         MaxPool1d-7           [-1, 128, 16000]               0
            Conv1d-8           [-1, 128, 16000]          49,280
       BatchNorm1d-9           [-1, 128, 16000]             256
             ReLU-10           [-1, 128, 16000]               0
        MaxPool1d-11            [-1, 128, 5333]               0
           Conv1d-12            [-1, 256, 5333]          98,560
      BatchNorm1d-13            [-1, 256, 5333]             512
             ReLU-14            [-1, 256, 5333]               0
        MaxPool1d-15            [-1, 256, 1777]               0
           Conv1d-16            [-1, 256, 1777]         196,864
      BatchNorm1d-17            [-1, 256, 1777]             512
             ReLU-18            [-1, 256, 1777]               0
        MaxPool1d-19             [-1, 256, 592]               0
           Conv1d-20             [-1, 256, 592]         196,864
      BatchNorm1d-21             [-1, 256, 592]             512
             ReLU-22             [-1, 256, 592]               0
        MaxPool1d-23             [-1, 256, 197]               0
          Dropout-24             [-1, 256, 197]               0
           Conv1d-25             [-1, 128, 197]          98,432
      BatchNorm1d-26             [-1, 128, 197]             256
             ReLU-27             [-1, 128, 197]               0
        MaxPool1d-28              [-1, 128, 65]               0
AdaptiveAvgPool1d-29              [-1, 128, 60]               0
        LayerNorm-30              [-1, 60, 128]             256
           Linear-31              [-1, 60, 512]          66,048
            Swish-32              [-1, 60, 512]               0
          Dropout-33              [-1, 60, 512]               0
           Linear-34              [-1, 60, 128]          65,664
          Dropout-35              [-1, 60, 128]               0
      FeedForward-36              [-1, 60, 128]               0
          PreNorm-37              [-1, 60, 128]               0
            Scale-38              [-1, 60, 128]               0
        LayerNorm-39              [-1, 60, 128]             256
           Linear-40              [-1, 60, 512]          65,536
           Linear-41             [-1, 60, 1024]         131,072
        Embedding-42               [-1, 60, 64]          65,600
           Linear-43              [-1, 60, 128]          65,664
          Dropout-44              [-1, 60, 128]               0
        Attention-45              [-1, 60, 128]               0
          PreNorm-46              [-1, 60, 128]               0
        LayerNorm-47              [-1, 60, 128]             256
        Transpose-48              [-1, 128, 60]               0
           Conv1d-49              [-1, 512, 60]          66,048
              GLU-50              [-1, 256, 60]               0
           Conv1d-51              [-1, 256, 60]           8,192
  DepthWiseConv1d-52              [-1, 256, 60]               0
      BatchNorm1d-53              [-1, 256, 60]             512
            Swish-54              [-1, 256, 60]               0
           Conv1d-55              [-1, 128, 60]          32,896
        Transpose-56              [-1, 60, 128]               0
          Dropout-57              [-1, 60, 128]               0
ConformerConvModule-58              [-1, 60, 128]               0
        LayerNorm-59              [-1, 60, 128]             256
           Linear-60              [-1, 60, 512]          66,048
            Swish-61              [-1, 60, 512]               0
          Dropout-62              [-1, 60, 512]               0
           Linear-63              [-1, 60, 128]          65,664
          Dropout-64              [-1, 60, 128]               0
      FeedForward-65              [-1, 60, 128]               0
          PreNorm-66              [-1, 60, 128]               0
            Scale-67              [-1, 60, 128]               0
        LayerNorm-68              [-1, 60, 128]             256
   ConformerBlock-69              [-1, 60, 128]               0
           Linear-70                  [-1, 128]          16,512
  TimeDistributed-71              [-1, 60, 128]               0
          Dropout-72              [-1, 60, 128]               0
           Linear-73                   [-1, 42]           5,418
  TimeDistributed-74               [-1, 60, 42]               0
             Tanh-75               [-1, 60, 42]               0
================================================================
Total params: 1,415,658
Trainable params: 1,415,658
Non-trainable params: 0
----------------------------------------------------------------
Input size (MB): 2.20
Forward/backward pass size (MB): 404.76
Params size (MB): 5.40
Estimated Total Size (MB): 412.36
----------------------------------------------------------------
Epoch [1/50], train loss : 0.0251
Epoch [1/50], val loss : 0.0232
epoch_cnt: 0, time: 150.06s, tr_loss: 0.03, 
		 DCASE2020 SCORES: SED_Error: 1.00, SED_F: 0.0, DOA_Error: 180.0, DOA_recall:0.0, seld_score (early stopping score): 1.00, best_seld_score: 1.00, best_epoch : 0

Epoch [2/50], train loss : 0.0240
Epoch [2/50], val loss : 0.0227
epoch_cnt: 1, time: 151.91s, tr_loss: 0.02, 
		 DCASE2020 SCORES: SED_Error: 1.00, SED_F: 0.0, DOA_Error: 180.0, DOA_recall:0.0, seld_score (early stopping score): 1.00, best_seld_score: 1.00, best_epoch : 0

Epoch [3/50], train loss : 0.0238
Epoch [3/50], val loss : 0.0226
epoch_cnt: 2, time: 151.74s, tr_loss: 0.02, 
		 DCASE2020 SCORES: SED_Error: 1.00, SED_F: 0.0, DOA_Error: 180.0, DOA_recall:0.0, seld_score (early stopping score): 1.00, best_seld_score: 1.00, best_epoch : 0

Epoch [4/50], train loss : 0.0234
Epoch [4/50], val loss : 0.0226
epoch_cnt: 3, time: 140.74s, tr_loss: 0.02, 
		 DCASE2020 SCORES: SED_Error: 1.00, SED_F: 0.0, DOA_Error: 30.7, DOA_recall:0.3, seld_score (early stopping score): 0.79, best_seld_score: 0.79, best_epoch : 3

Epoch [5/50], train loss : 0.0236
Epoch [5/50], val loss : 0.0223
epoch_cnt: 4, time: 140.56s, tr_loss: 0.02, 
		 DCASE2020 SCORES: SED_Error: 1.00, SED_F: 0.1, DOA_Error: 33.3, DOA_recall:0.8, seld_score (early stopping score): 0.79, best_seld_score: 0.79, best_epoch : 3

Epoch [6/50], train loss : 0.0231
Epoch [6/50], val loss : 0.0239
epoch_cnt: 5, time: 141.99s, tr_loss: 0.02, 
		 DCASE2020 SCORES: SED_Error: 1.01, SED_F: 0.1, DOA_Error: 50.5, DOA_recall:0.7, seld_score (early stopping score): 0.82, best_seld_score: 0.79, best_epoch : 3

Epoch [7/50], train loss : 0.0227
Epoch [7/50], val loss : 0.0218
epoch_cnt: 6, time: 141.81s, tr_loss: 0.02, 
		 DCASE2020 SCORES: SED_Error: 0.99, SED_F: 1.8, DOA_Error: 38.3, DOA_recall:8.6, seld_score (early stopping score): 0.77, best_seld_score: 0.77, best_epoch : 6

Epoch [8/50], train loss : 0.0217
Epoch [8/50], val loss : 0.0211
epoch_cnt: 7, time: 142.49s, tr_loss: 0.02, 
		 DCASE2020 SCORES: SED_Error: 0.98, SED_F: 4.5, DOA_Error: 41.0, DOA_recall:16.3, seld_score (early stopping score): 0.75, best_seld_score: 0.75, best_epoch : 7

Epoch [9/50], train loss : 0.0211
Epoch [9/50], val loss : 0.0206
epoch_cnt: 8, time: 142.09s, tr_loss: 0.02, 
		 DCASE2020 SCORES: SED_Error: 0.97, SED_F: 5.2, DOA_Error: 35.9, DOA_recall:20.6, seld_score (early stopping score): 0.73, best_seld_score: 0.73, best_epoch : 8

Epoch [10/50], train loss : 0.0198
Epoch [10/50], val loss : 0.0190
epoch_cnt: 9, time: 142.93s, tr_loss: 0.02, 
		 DCASE2020 SCORES: SED_Error: 0.95, SED_F: 8.4, DOA_Error: 29.6, DOA_recall:24.2, seld_score (early stopping score): 0.70, best_seld_score: 0.70, best_epoch : 9

Epoch [11/50], train loss : 0.0178
Epoch [11/50], val loss : 0.0175
epoch_cnt: 10, time: 142.74s, tr_loss: 0.02, 
		 DCASE2020 SCORES: SED_Error: 0.88, SED_F: 17.5, DOA_Error: 26.7, DOA_recall:41.4, seld_score (early stopping score): 0.61, best_seld_score: 0.61, best_epoch : 10

Epoch [12/50], train loss : 0.0161
Epoch [12/50], val loss : 0.0165
epoch_cnt: 11, time: 142.25s, tr_loss: 0.02, 
		 DCASE2020 SCORES: SED_Error: 0.83, SED_F: 25.0, DOA_Error: 23.4, DOA_recall:49.6, seld_score (early stopping score): 0.55, best_seld_score: 0.55, best_epoch : 11

Epoch [13/50], train loss : 0.0148
Epoch [13/50], val loss : 0.0164
epoch_cnt: 12, time: 131.49s, tr_loss: 0.01, 
		 DCASE2020 SCORES: SED_Error: 0.83, SED_F: 24.7, DOA_Error: 25.4, DOA_recall:52.1, seld_score (early stopping score): 0.55, best_seld_score: 0.55, best_epoch : 12

Epoch [14/50], train loss : 0.0137
Epoch [14/50], val loss : 0.0153
epoch_cnt: 13, time: 142.88s, tr_loss: 0.01, 
		 DCASE2020 SCORES: SED_Error: 0.77, SED_F: 31.1, DOA_Error: 23.0, DOA_recall:58.6, seld_score (early stopping score): 0.50, best_seld_score: 0.50, best_epoch : 13

Epoch [15/50], train loss : 0.0128
Epoch [15/50], val loss : 0.0148
epoch_cnt: 14, time: 131.12s, tr_loss: 0.01, 
		 DCASE2020 SCORES: SED_Error: 0.76, SED_F: 32.0, DOA_Error: 23.2, DOA_recall:61.1, seld_score (early stopping score): 0.49, best_seld_score: 0.49, best_epoch : 14

Epoch [16/50], train loss : 0.0120
Epoch [16/50], val loss : 0.0150
epoch_cnt: 15, time: 131.39s, tr_loss: 0.01, 
		 DCASE2020 SCORES: SED_Error: 0.76, SED_F: 31.8, DOA_Error: 22.7, DOA_recall:60.7, seld_score (early stopping score): 0.49, best_seld_score: 0.49, best_epoch : 14

Epoch [17/50], train loss : 0.0114
Epoch [17/50], val loss : 0.0162
epoch_cnt: 16, time: 130.82s, tr_loss: 0.01, 
		 DCASE2020 SCORES: SED_Error: 0.77, SED_F: 30.4, DOA_Error: 23.9, DOA_recall:58.8, seld_score (early stopping score): 0.50, best_seld_score: 0.49, best_epoch : 14

Epoch [18/50], train loss : 0.0108
Epoch [18/50], val loss : 0.0163
Epoch    18: reducing learning rate of group 0 to 2.0000e-04.
epoch_cnt: 17, time: 144.14s, tr_loss: 0.01, 
		 DCASE2020 SCORES: SED_Error: 0.79, SED_F: 28.9, DOA_Error: 24.8, DOA_recall:59.2, seld_score (early stopping score): 0.51, best_seld_score: 0.49, best_epoch : 14

Epoch [19/50], train loss : 0.0093
Epoch [19/50], val loss : 0.0141
epoch_cnt: 18, time: 144.03s, tr_loss: 0.01, 
		 DCASE2020 SCORES: SED_Error: 0.70, SED_F: 38.1, DOA_Error: 22.6, DOA_recall:67.2, seld_score (early stopping score): 0.44, best_seld_score: 0.44, best_epoch : 18

Epoch [20/50], train loss : 0.0089
Epoch [20/50], val loss : 0.0144
epoch_cnt: 19, time: 155.60s, tr_loss: 0.01, 
		 DCASE2020 SCORES: SED_Error: 0.71, SED_F: 36.7, DOA_Error: 22.4, DOA_recall:65.8, seld_score (early stopping score): 0.45, best_seld_score: 0.44, best_epoch : 18

Epoch [21/50], train loss : 0.0087
Epoch [21/50], val loss : 0.0145
epoch_cnt: 20, time: 154.36s, tr_loss: 0.01, 
		 DCASE2020 SCORES: SED_Error: 0.71, SED_F: 37.2, DOA_Error: 22.6, DOA_recall:66.4, seld_score (early stopping score): 0.45, best_seld_score: 0.44, best_epoch : 18

Epoch [22/50], train loss : 0.0085
Epoch [22/50], val loss : 0.0146
Epoch    22: reducing learning rate of group 0 to 4.0000e-05.
epoch_cnt: 21, time: 154.41s, tr_loss: 0.01, 
		 DCASE2020 SCORES: SED_Error: 0.71, SED_F: 36.9, DOA_Error: 22.5, DOA_recall:66.0, seld_score (early stopping score): 0.45, best_seld_score: 0.44, best_epoch : 18

Epoch [23/50], train loss : 0.0082
Epoch [23/50], val loss : 0.0145
epoch_cnt: 22, time: 155.16s, tr_loss: 0.01, 
		 DCASE2020 SCORES: SED_Error: 0.71, SED_F: 37.7, DOA_Error: 22.1, DOA_recall:66.3, seld_score (early stopping score): 0.45, best_seld_score: 0.44, best_epoch : 18

Epoch [24/50], train loss : 0.0081
Epoch [24/50], val loss : 0.0144
epoch_cnt: 23, time: 144.69s, tr_loss: 0.01, 
		 DCASE2020 SCORES: SED_Error: 0.71, SED_F: 37.8, DOA_Error: 22.1, DOA_recall:66.6, seld_score (early stopping score): 0.45, best_seld_score: 0.44, best_epoch : 18

Epoch [25/50], train loss : 0.0081
Epoch [25/50], val loss : 0.0144
Epoch    25: reducing learning rate of group 0 to 8.0000e-06.
epoch_cnt: 24, time: 143.99s, tr_loss: 0.01, 
		 DCASE2020 SCORES: SED_Error: 0.70, SED_F: 38.0, DOA_Error: 21.9, DOA_recall:66.7, seld_score (early stopping score): 0.44, best_seld_score: 0.44, best_epoch : 18

Epoch [26/50], train loss : 0.0080
Epoch [26/50], val loss : 0.0146
epoch_cnt: 25, time: 144.39s, tr_loss: 0.01, 
		 DCASE2020 SCORES: SED_Error: 0.71, SED_F: 37.8, DOA_Error: 22.2, DOA_recall:65.9, seld_score (early stopping score): 0.45, best_seld_score: 0.44, best_epoch : 18

Epoch [27/50], train loss : 0.0080
Epoch [27/50], val loss : 0.0147
epoch_cnt: 26, time: 144.28s, tr_loss: 0.01, 
		 DCASE2020 SCORES: SED_Error: 0.71, SED_F: 37.7, DOA_Error: 22.4, DOA_recall:66.3, seld_score (early stopping score): 0.45, best_seld_score: 0.44, best_epoch : 18

Epoch [28/50], train loss : 0.0080
Epoch [28/50], val loss : 0.0145
Epoch    28: reducing learning rate of group 0 to 1.6000e-06.
epoch_cnt: 27, time: 132.04s, tr_loss: 0.01, 
		 DCASE2020 SCORES: SED_Error: 0.71, SED_F: 37.7, DOA_Error: 22.1, DOA_recall:66.5, seld_score (early stopping score): 0.45, best_seld_score: 0.44, best_epoch : 18

Epoch [29/50], train loss : 0.0079
Epoch [29/50], val loss : 0.0143
epoch_cnt: 28, time: 143.88s, tr_loss: 0.01, 
		 DCASE2020 SCORES: SED_Error: 0.70, SED_F: 37.9, DOA_Error: 22.2, DOA_recall:67.0, seld_score (early stopping score): 0.44, best_seld_score: 0.44, best_epoch : 18

Epoch [30/50], train loss : 0.0079
Epoch [30/50], val loss : 0.0147
epoch_cnt: 29, time: 144.38s, tr_loss: 0.01, 
		 DCASE2020 SCORES: SED_Error: 0.70, SED_F: 37.8, DOA_Error: 22.3, DOA_recall:66.1, seld_score (early stopping score): 0.45, best_seld_score: 0.44, best_epoch : 18

Epoch [31/50], train loss : 0.0079
Epoch [31/50], val loss : 0.0146
Epoch    31: reducing learning rate of group 0 to 3.2000e-07.
epoch_cnt: 30, time: 143.21s, tr_loss: 0.01, 
		 DCASE2020 SCORES: SED_Error: 0.71, SED_F: 37.6, DOA_Error: 22.1, DOA_recall:65.8, seld_score (early stopping score): 0.45, best_seld_score: 0.44, best_epoch : 18

Epoch [32/50], train loss : 0.0079
Epoch [32/50], val loss : 0.0144
epoch_cnt: 31, time: 131.88s, tr_loss: 0.01, 
		 DCASE2020 SCORES: SED_Error: 0.70, SED_F: 38.1, DOA_Error: 22.0, DOA_recall:66.5, seld_score (early stopping score): 0.44, best_seld_score: 0.44, best_epoch : 18

Epoch [33/50], train loss : 0.0079
Epoch [33/50], val loss : 0.0145
epoch_cnt: 32, time: 142.79s, tr_loss: 0.01, 
		 DCASE2020 SCORES: SED_Error: 0.70, SED_F: 38.5, DOA_Error: 22.3, DOA_recall:66.6, seld_score (early stopping score): 0.44, best_seld_score: 0.44, best_epoch : 32
/home/huangd5/.local/lib/python3.8/site-packages/torchaudio/backend/utils.py:46: UserWarning: "torchaudio.USE_SOUNDFILE_LEGACY_INTERFACE" flag is deprecated and will be removed in 0.9.0. Please remove the use of flag.
  warnings.warn(

Epoch [34/50], train loss : 0.0080
Epoch [34/50], val loss : 0.0145
Epoch    34: reducing learning rate of group 0 to 6.4000e-08.
epoch_cnt: 33, time: 143.32s, tr_loss: 0.01, 
		 DCASE2020 SCORES: SED_Error: 0.70, SED_F: 38.0, DOA_Error: 22.1, DOA_recall:66.4, seld_score (early stopping score): 0.45, best_seld_score: 0.44, best_epoch : 32

Epoch [35/50], train loss : 0.0079
Epoch [35/50], val loss : 0.0144
epoch_cnt: 34, time: 131.77s, tr_loss: 0.01, 
		 DCASE2020 SCORES: SED_Error: 0.70, SED_F: 38.2, DOA_Error: 22.4, DOA_recall:67.0, seld_score (early stopping score): 0.44, best_seld_score: 0.44, best_epoch : 32

Epoch [36/50], train loss : 0.0079
Epoch [36/50], val loss : 0.0145
epoch_cnt: 35, time: 143.57s, tr_loss: 0.01, 
		 DCASE2020 SCORES: SED_Error: 0.70, SED_F: 38.1, DOA_Error: 22.2, DOA_recall:66.6, seld_score (early stopping score): 0.44, best_seld_score: 0.44, best_epoch : 32

Epoch [37/50], train loss : 0.0079
Epoch [37/50], val loss : 0.0147
Epoch    37: reducing learning rate of group 0 to 1.2800e-08.
epoch_cnt: 36, time: 131.87s, tr_loss: 0.01, 
		 DCASE2020 SCORES: SED_Error: 0.70, SED_F: 38.1, DOA_Error: 22.2, DOA_recall:66.0, seld_score (early stopping score): 0.45, best_seld_score: 0.44, best_epoch : 32

Epoch [38/50], train loss : 0.0079
Epoch [38/50], val loss : 0.0143
epoch_cnt: 37, time: 132.00s, tr_loss: 0.01, 
		 DCASE2020 SCORES: SED_Error: 0.70, SED_F: 38.5, DOA_Error: 22.0, DOA_recall:66.6, seld_score (early stopping score): 0.44, best_seld_score: 0.44, best_epoch : 37

Epoch [39/50], train loss : 0.0079
Epoch [39/50], val loss : 0.0146
epoch_cnt: 38, time: 131.97s, tr_loss: 0.01, 
		 DCASE2020 SCORES: SED_Error: 0.71, SED_F: 37.8, DOA_Error: 22.1, DOA_recall:66.1, seld_score (early stopping score): 0.45, best_seld_score: 0.44, best_epoch : 37

Epoch [40/50], train loss : 0.0079
Epoch [40/50], val loss : 0.0147
Epoch    40: reducing learning rate of group 0 to 2.5600e-09.
epoch_cnt: 39, time: 132.25s, tr_loss: 0.01, 
		 DCASE2020 SCORES: SED_Error: 0.71, SED_F: 37.5, DOA_Error: 22.3, DOA_recall:66.1, seld_score (early stopping score): 0.45, best_seld_score: 0.44, best_epoch : 37

Epoch [41/50], train loss : 0.0080
Epoch [41/50], val loss : 0.0143
epoch_cnt: 40, time: 144.56s, tr_loss: 0.01, 
		 DCASE2020 SCORES: SED_Error: 0.70, SED_F: 38.1, DOA_Error: 21.9, DOA_recall:66.7, seld_score (early stopping score): 0.44, best_seld_score: 0.44, best_epoch : 37

Epoch [42/50], train loss : 0.0079
Epoch [42/50], val loss : 0.0145
epoch_cnt: 41, time: 157.06s, tr_loss: 0.01, 
		 DCASE2020 SCORES: SED_Error: 0.70, SED_F: 37.8, DOA_Error: 22.1, DOA_recall:66.7, seld_score (early stopping score): 0.45, best_seld_score: 0.44, best_epoch : 37

Epoch [43/50], train loss : 0.0079
Epoch [43/50], val loss : 0.0147
epoch_cnt: 42, time: 156.87s, tr_loss: 0.01, 
		 DCASE2020 SCORES: SED_Error: 0.71, SED_F: 37.2, DOA_Error: 22.3, DOA_recall:66.1, seld_score (early stopping score): 0.45, best_seld_score: 0.44, best_epoch : 37

Epoch [44/50], train loss : 0.0080
Epoch [44/50], val loss : 0.0145
epoch_cnt: 43, time: 144.67s, tr_loss: 0.01, 
		 DCASE2020 SCORES: SED_Error: 0.70, SED_F: 38.0, DOA_Error: 22.1, DOA_recall:66.3, seld_score (early stopping score): 0.45, best_seld_score: 0.44, best_epoch : 37

Epoch [45/50], train loss : 0.0079
Epoch [45/50], val loss : 0.0146
epoch_cnt: 44, time: 144.13s, tr_loss: 0.01, 
		 DCASE2020 SCORES: SED_Error: 0.71, SED_F: 37.9, DOA_Error: 22.1, DOA_recall:66.2, seld_score (early stopping score): 0.45, best_seld_score: 0.44, best_epoch : 37

Epoch [46/50], train loss : 0.0079
Epoch [46/50], val loss : 0.0144
epoch_cnt: 45, time: 143.74s, tr_loss: 0.01, 
		 DCASE2020 SCORES: SED_Error: 0.71, SED_F: 37.6, DOA_Error: 22.2, DOA_recall:66.5, seld_score (early stopping score): 0.45, best_seld_score: 0.44, best_epoch : 37

Epoch [47/50], train loss : 0.0079
Epoch [47/50], val loss : 0.0146
epoch_cnt: 46, time: 143.16s, tr_loss: 0.01, 
		 DCASE2020 SCORES: SED_Error: 0.70, SED_F: 38.2, DOA_Error: 22.2, DOA_recall:66.2, seld_score (early stopping score): 0.45, best_seld_score: 0.44, best_epoch : 37

Epoch [48/50], train loss : 0.0079
Epoch [48/50], val loss : 0.0145
epoch_cnt: 47, time: 155.30s, tr_loss: 0.01, 
		 DCASE2020 SCORES: SED_Error: 0.71, SED_F: 37.6, DOA_Error: 22.2, DOA_recall:66.6, seld_score (early stopping score): 0.45, best_seld_score: 0.44, best_epoch : 37

Epoch [49/50], train loss : 0.0079
Epoch [49/50], val loss : 0.0145
epoch_cnt: 48, time: 156.72s, tr_loss: 0.01, 
		 DCASE2020 SCORES: SED_Error: 0.70, SED_F: 38.0, DOA_Error: 22.3, DOA_recall:66.6, seld_score (early stopping score): 0.45, best_seld_score: 0.44, best_epoch : 37

Epoch [50/50], train loss : 0.0079
Epoch [50/50], val loss : 0.0146
epoch_cnt: 49, time: 157.14s, tr_loss: 0.01, 
		 DCASE2020 SCORES: SED_Error: 0.70, SED_F: 37.8, DOA_Error: 22.2, DOA_recall:66.1, seld_score (early stopping score): 0.45, best_seld_score: 0.44, best_epoch : 37


Results on validation split:
	Saved model for the best_epoch: 37
	SELD_score (early stopping score) : 0.44289513769619404

	DCASE2021 scores
	Class-aware localization scores: DOA_error: 22.0, F-score: 66.6
	Location-aware detection scores: Error rate: 0.70, F-score: 38.5
